<?xml version="1.0" encoding="UTF-8" standalone="no"?><testsuite errors="7" failures="19" name="Date of Birth Validation" skipped="0" tests="29" time="96.64" timestamp="2025-09-09 08:03:13"><testcase name="Validate date of birth entry with day, month, and year"><failure message="Unrecognized link name for URL verification: DOB Invalid" type="java.lang.AssertionError">Unrecognized link name for URL verification: DOB Invalid</failure><system-err>Unrecognized link name for URL verification: DOB Invalid
nhsbsa.exch.pages.StartPage.verifyUrlContainsLinkKeyword(StartPage.java:111)
nhsbsa.exch.action.StartPageActions.verify_screen_title(StartPageActions.java:24)
nhsbsa.exch.stepDefinitions.HomePageStepDefs.i_should_see(HomePageStepDefs.java:95)
</system-err></testcase><testcase name="Validate age-based entry"><error message="no such element: Unable to locate element: {&quot;method&quot;:&quot;xpath&quot;,&quot;selector&quot;:&quot;body&quot;}&#10;  (Session info: chrome=139.0.7258.155)&#10;For documentation on this error, please visit: https://www.selenium.dev/documentation/webdriver/troubleshooting/errors#no-such-element-exception&#10;Build info: version: '4.27.0', revision: 'd6e718d134'&#10;System info: os.name: 'Mac OS X', os.arch: 'x86_64', os.version: '15.6.1', java.version: '24.0.2'&#10;Driver info: org.openqa.selenium.chrome.ChromeDriver&#10;Command: [092ae1dd0d183f55468a7ef535d3cf41, findElement {using=xpath, value=body}]&#10;Capabilities {acceptInsecureCerts: false, browserName: chrome, browserVersion: 139.0.7258.155, chrome: {chromedriverVersion: 139.0.7258.154 (9e0d6b2b47f..., userDataDir: /var/folders/mm/b3vj4jfd47j...}, fedcm:accounts: true, goog:chromeOptions: {debuggerAddress: localhost:64624}, networkConnectionEnabled: false, pageLoadStrategy: normal, platformName: mac, proxy: Proxy(), se:cdp: ws://localhost:64624/devtoo..., se:cdpVersion: 139.0.7258.155, setWindowRect: true, strictFileInteractability: false, timeouts: {implicit: 0, pageLoad: 300000, script: 30000}, unhandledPromptBehavior: dismiss and notify, webauthn:extension:credBlob: true, webauthn:extension:largeBlob: true, webauthn:extension:minPinLength: true, webauthn:extension:prf: true, webauthn:virtualAuthenticators: true}&#10;Session ID: 092ae1dd0d183f55468a7ef535d3cf41" type="org.openqa.selenium.NoSuchElementException">no such element: Unable to locate element: {"method":"xpath","selector":"body"}
  (Session info: chrome=139.0.7258.155)
For documentation on this error, please visit: https://www.selenium.dev/documentation/webdriver/troubleshooting/errors#no-such-element-exception
Build info: version: '4.27.0', revision: 'd6e718d134'
System info: os.name: 'Mac OS X', os.arch: 'x86_64', os.version: '15.6.1', java.version: '24.0.2'
Driver info: org.openqa.selenium.chrome.ChromeDriver
Command: [092ae1dd0d183f55468a7ef535d3cf41, findElement {using=xpath, value=body}]
Capabilities {acceptInsecureCerts: false, browserName: chrome, browserVersion: 139.0.7258.155, chrome: {chromedriverVersion: 139.0.7258.154 (9e0d6b2b47f..., userDataDir: /var/folders/mm/b3vj4jfd47j...}, fedcm:accounts: true, goog:chromeOptions: {debuggerAddress: localhost:64624}, networkConnectionEnabled: false, pageLoadStrategy: normal, platformName: mac, proxy: Proxy(), se:cdp: ws://localhost:64624/devtoo..., se:cdpVersion: 139.0.7258.155, setWindowRect: true, strictFileInteractability: false, timeouts: {implicit: 0, pageLoad: 300000, script: 30000}, unhandledPromptBehavior: dismiss and notify, webauthn:extension:credBlob: true, webauthn:extension:largeBlob: true, webauthn:extension:minPinLength: true, webauthn:extension:prf: true, webauthn:virtualAuthenticators: true}
Session ID: 092ae1dd0d183f55468a7ef535d3cf41</error><system-err>no such element: Unable to locate element: {"method":"xpath","selector":"body"}
  (Session info: chrome=139.0.7258.155)
For documentation on this error, please visit: https://www.selenium.dev/documentation/webdriver/troubleshooting/errors#no-such-element-exception
Build info: version: '4.27.0', revision: 'd6e718d134'
System info: os.name: 'Mac OS X', os.arch: 'x86_64', os.version: '15.6.1', java.version: '24.0.2'
Driver info: org.openqa.selenium.chrome.ChromeDriver
Command: [092ae1dd0d183f55468a7ef535d3cf41, findElement {using=xpath, value=body}]
Capabilities {acceptInsecureCerts: false, browserName: chrome, browserVersion: 139.0.7258.155, chrome: {chromedriverVersion: 139.0.7258.154 (9e0d6b2b47f..., userDataDir: /var/folders/mm/b3vj4jfd47j...}, fedcm:accounts: true, goog:chromeOptions: {debuggerAddress: localhost:64624}, networkConnectionEnabled: false, pageLoadStrategy: normal, platformName: mac, proxy: Proxy(), se:cdp: ws://localhost:64624/devtoo..., se:cdpVersion: 139.0.7258.155, setWindowRect: true, strictFileInteractability: false, timeouts: {implicit: 0, pageLoad: 300000, script: 30000}, unhandledPromptBehavior: dismiss and notify, webauthn:extension:credBlob: true, webauthn:extension:largeBlob: true, webauthn:extension:minPinLength: true, webauthn:extension:prf: true, webauthn:virtualAuthenticators: true}
Session ID: 092ae1dd0d183f55468a7ef535d3cf41
nhsbsa.exch.pages.DateOfBirthPage.verifyDOBOutcome(DateOfBirthPage.java:163)
nhsbsa.exch.action.DateOfBirthActions.I_verify_DOB_page_url_contains(DateOfBirthActions.java:39)
nhsbsa.exch.stepDefinitions.DateofBirthStepDefs.iShouldSeeThese(DateofBirthStepDefs.java:33)
</system-err></testcase></testsuite>