{"name":"Validate links on start page","id":"validate-functionality-on-start-page;validate-links-on-start-page","scenarioId":"StartPage:Validate links on start page","methodName":"Validate links on start page","testSteps":[{"number":1,"description":"1: Validate links on start page ({link\u003dPrivacy, screen\u003dPrivacy})","duration":17735,"startTime":"2025-09-10T10:06:31.348614+01:00[Europe/London]","precondition":false,"level":0,"lineNumber":10,"children":[{"number":2,"description":"Given I am checking start page","duration":4574,"startTime":"2025-09-10T10:06:31.391028+01:00[Europe/London]","result":"SUCCESS","precondition":false,"level":1},{"number":3,"description":"When I choose the \"Privacy\"","duration":13117,"startTime":"2025-09-10T10:06:35.967135+01:00[Europe/London]","result":"FAILURE","precondition":false,"level":1,"lineNumber":10,"children":[{"number":4,"description":"Verify url contains link keyword: Privacy","duration":2906,"startTime":"2025-09-10T10:06:46.162179+01:00[Europe/London]","screenshots":[{"screenshot":"7bc89f47bb860952a0630ad4071611f4bd1ac207fdab605ee243d307f9ad11ca.png","htmlSource":"pagesource9268442016454927001.html","timeStamp":1757495209059,"screenshotName":"7bc89f47bb860952a0630ad4071611f4bd1ac207fdab605ee243d307f9ad11ca.png"}],"exception":{"errorType":"net.thucydides.core.webdriver.exceptions.ElementShouldBeEnabledException","message":"Expected enabled element was not enabled","stackTrace":[{"declaringClass":"nhsbsa.exch.pages.StartPage","methodName":"verifyUrlContainsLinkKeyword","fileName":"StartPage.java","lineNumber":96},{"declaringClass":"nhsbsa.exch.action.StartPageActions","methodName":"verify_links","fileName":"StartPageActions.java","lineNumber":33},{"declaringClass":"nhsbsa.exch.stepDefinitions.HomePageStepDefs","methodName":"i_choose_the","fileName":"HomePageStepDefs.java","lineNumber":90}],"rootCause":{"errorType":"org.openqa.selenium.TimeoutException","message":"Expected condition failed: waiting for By.linkText: Privacy to be clickable (tried for 10 second(s) with 100 milliseconds interval)","stackTrace":[{"declaringClass":"nhsbsa.exch.pages.StartPage","methodName":"verifyUrlContainsLinkKeyword","fileName":"StartPage.java","lineNumber":96},{"declaringClass":"nhsbsa.exch.action.StartPageActions","methodName":"verify_links","fileName":"StartPageActions.java","lineNumber":33},{"declaringClass":"nhsbsa.exch.stepDefinitions.HomePageStepDefs","methodName":"i_choose_the","fileName":"HomePageStepDefs.java","lineNumber":90}],"rootCause":{"errorType":"org.openqa.selenium.NoSuchElementException","message":"no such element: Unable to locate element: {\"method\":\"link text\",\"selector\":\"Privacy\"}\n  (Session info: chrome\u003d139.0.7258.155)\nFor documentation on this error, please visit: https://www.selenium.dev/documentation/webdriver/troubleshooting/errors#no-such-element-exception\nBuild info: version: \u00274.27.0\u0027, revision: \u0027d6e718d134\u0027\nSystem info: os.name: \u0027Mac OS X\u0027, os.arch: \u0027x86_64\u0027, os.version: \u002715.6.1\u0027, java.version: \u002724.0.2\u0027\nDriver info: org.openqa.selenium.chrome.ChromeDriver\nCommand: [30ee730797e59c80ac9bb717ccb8b469, findElement {using\u003dlink text, value\u003dPrivacy}]\nCapabilities {acceptInsecureCerts: false, browserName: chrome, browserVersion: 139.0.7258.155, chrome: {chromedriverVersion: 139.0.7258.154 (9e0d6b2b47f..., userDataDir: /var/folders/mm/b3vj4jfd47j...}, fedcm:accounts: true, goog:chromeOptions: {debuggerAddress: localhost:53367}, networkConnectionEnabled: false, pageLoadStrategy: normal, platformName: mac, proxy: Proxy(), se:cdp: ws://localhost:53367/devtoo..., se:cdpVersion: 139.0.7258.155, setWindowRect: true, strictFileInteractability: false, timeouts: {implicit: 0, pageLoad: 300000, script: 30000}, unhandledPromptBehavior: dismiss and notify, webauthn:extension:credBlob: true, webauthn:extension:largeBlob: true, webauthn:extension:minPinLength: true, webauthn:extension:prf: true, webauthn:virtualAuthenticators: true}\nSession ID: 30ee730797e59c80ac9bb717ccb8b469","stackTrace":[{"declaringClass":"nhsbsa.exch.pages.StartPage","methodName":"verifyUrlContainsLinkKeyword","fileName":"StartPage.java","lineNumber":96},{"declaringClass":"nhsbsa.exch.action.StartPageActions","methodName":"verify_links","fileName":"StartPageActions.java","lineNumber":33},{"declaringClass":"nhsbsa.exch.stepDefinitions.HomePageStepDefs","methodName":"i_choose_the","fileName":"HomePageStepDefs.java","lineNumber":90}]}}},"result":"FAILURE","precondition":false,"level":2}]},{"number":5,"description":"Verify links: Privacy","duration":1,"startTime":"2025-09-10T10:06:49.069401+01:00[Europe/London]","result":"FAILURE","precondition":false,"level":1},{"number":6,"description":"Then I should see \"Privacy\"","duration":0,"startTime":"2025-09-10T10:06:49.078627+01:00[Europe/London]","result":"SKIPPED","precondition":false,"level":1}]},{"number":7,"description":"2: Validate links on start page ({link\u003dCookies, screen\u003dCookies})","duration":2552,"startTime":"2025-09-10T10:06:49.145980+01:00[Europe/London]","result":"SUCCESS","precondition":false,"level":0,"lineNumber":11,"children":[{"number":8,"description":"Given I am checking start page","duration":171,"startTime":"2025-09-10T10:06:49.147112+01:00[Europe/London]","result":"SUCCESS","precondition":false,"level":1},{"number":9,"description":"When I choose the \"Cookies\"","duration":1201,"startTime":"2025-09-10T10:06:49.319391+01:00[Europe/London]","result":"SUCCESS","precondition":false,"level":1},{"number":10,"description":"Then I should see \"Cookies\"","duration":1176,"startTime":"2025-09-10T10:06:50.521163+01:00[Europe/London]","result":"SUCCESS","precondition":false,"level":1}]},{"number":11,"description":"3: Validate links on start page ({link\u003dTerms And Conditions, screen\u003dTerms And Conditions})","duration":12232,"startTime":"2025-09-10T10:06:51.712671+01:00[Europe/London]","precondition":false,"level":0,"lineNumber":12,"children":[{"number":12,"description":"Given I am checking start page","duration":157,"startTime":"2025-09-10T10:06:51.713875+01:00[Europe/London]","result":"SUCCESS","precondition":false,"level":1},{"number":13,"description":"When I choose the \"Terms And Conditions\"","duration":12073,"startTime":"2025-09-10T10:06:51.871919+01:00[Europe/London]","result":"FAILURE","precondition":false,"level":1,"lineNumber":12,"children":[{"number":14,"description":"Verify url contains link keyword: Terms And Conditions","duration":1939,"startTime":"2025-09-10T10:07:01.998899+01:00[Europe/London]","screenshots":[{"screenshot":"8a16fa82c9b4748146a85eeba46c98bd57485a495a5933e5f4b113e7f8e620e8.png","htmlSource":"pagesource12264464001572527457.html","timeStamp":1757495223936,"screenshotName":"8a16fa82c9b4748146a85eeba46c98bd57485a495a5933e5f4b113e7f8e620e8.png"}],"exception":{"errorType":"net.thucydides.core.webdriver.exceptions.ElementShouldBeEnabledException","message":"Expected enabled element was not enabled","stackTrace":[{"declaringClass":"nhsbsa.exch.pages.StartPage","methodName":"verifyUrlContainsLinkKeyword","fileName":"StartPage.java","lineNumber":102},{"declaringClass":"nhsbsa.exch.action.StartPageActions","methodName":"verify_links","fileName":"StartPageActions.java","lineNumber":33},{"declaringClass":"nhsbsa.exch.stepDefinitions.HomePageStepDefs","methodName":"i_choose_the","fileName":"HomePageStepDefs.java","lineNumber":90}],"rootCause":{"errorType":"org.openqa.selenium.TimeoutException","message":"Expected condition failed: waiting for By.linkText: Terms And Conditions to be clickable (tried for 10 second(s) with 100 milliseconds interval)","stackTrace":[{"declaringClass":"nhsbsa.exch.pages.StartPage","methodName":"verifyUrlContainsLinkKeyword","fileName":"StartPage.java","lineNumber":102},{"declaringClass":"nhsbsa.exch.action.StartPageActions","methodName":"verify_links","fileName":"StartPageActions.java","lineNumber":33},{"declaringClass":"nhsbsa.exch.stepDefinitions.HomePageStepDefs","methodName":"i_choose_the","fileName":"HomePageStepDefs.java","lineNumber":90}],"rootCause":{"errorType":"org.openqa.selenium.NoSuchElementException","message":"no such element: Unable to locate element: {\"method\":\"link text\",\"selector\":\"Terms And Conditions\"}\n  (Session info: chrome\u003d139.0.7258.155)\nFor documentation on this error, please visit: https://www.selenium.dev/documentation/webdriver/troubleshooting/errors#no-such-element-exception\nBuild info: version: \u00274.27.0\u0027, revision: \u0027d6e718d134\u0027\nSystem info: os.name: \u0027Mac OS X\u0027, os.arch: \u0027x86_64\u0027, os.version: \u002715.6.1\u0027, java.version: \u002724.0.2\u0027\nDriver info: org.openqa.selenium.chrome.ChromeDriver\nCommand: [30ee730797e59c80ac9bb717ccb8b469, findElement {using\u003dlink text, value\u003dTerms And Conditions}]\nCapabilities {acceptInsecureCerts: false, browserName: chrome, browserVersion: 139.0.7258.155, chrome: {chromedriverVersion: 139.0.7258.154 (9e0d6b2b47f..., userDataDir: /var/folders/mm/b3vj4jfd47j...}, fedcm:accounts: true, goog:chromeOptions: {debuggerAddress: localhost:53367}, networkConnectionEnabled: false, pageLoadStrategy: normal, platformName: mac, proxy: Proxy(), se:cdp: ws://localhost:53367/devtoo..., se:cdpVersion: 139.0.7258.155, setWindowRect: true, strictFileInteractability: false, timeouts: {implicit: 0, pageLoad: 300000, script: 30000}, unhandledPromptBehavior: dismiss and notify, webauthn:extension:credBlob: true, webauthn:extension:largeBlob: true, webauthn:extension:minPinLength: true, webauthn:extension:prf: true, webauthn:virtualAuthenticators: true}\nSession ID: 30ee730797e59c80ac9bb717ccb8b469","stackTrace":[{"declaringClass":"nhsbsa.exch.pages.StartPage","methodName":"verifyUrlContainsLinkKeyword","fileName":"StartPage.java","lineNumber":102},{"declaringClass":"nhsbsa.exch.action.StartPageActions","methodName":"verify_links","fileName":"StartPageActions.java","lineNumber":33},{"declaringClass":"nhsbsa.exch.stepDefinitions.HomePageStepDefs","methodName":"i_choose_the","fileName":"HomePageStepDefs.java","lineNumber":90}]}}},"result":"FAILURE","precondition":false,"level":2}]},{"number":15,"description":"Verify links: Terms And Conditions","duration":1,"startTime":"2025-09-10T10:07:03.938532+01:00[Europe/London]","result":"FAILURE","precondition":false,"level":1},{"number":16,"description":"Then I should see \"Terms And Conditions\"","duration":0,"startTime":"2025-09-10T10:07:03.942936+01:00[Europe/London]","result":"SKIPPED","precondition":false,"level":1}]},{"number":17,"description":"4: Validate links on start page ({link\u003dAccessibility statement, screen\u003dAccessibility statement})","duration":3384,"startTime":"2025-09-10T10:07:03.953598+01:00[Europe/London]","result":"SUCCESS","precondition":false,"level":0,"lineNumber":13,"children":[{"number":18,"description":"Given I am checking start page","duration":160,"startTime":"2025-09-10T10:07:03.954945+01:00[Europe/London]","result":"SUCCESS","precondition":false,"level":1},{"number":19,"description":"When I choose the \"Accessibility statement\"","duration":1994,"startTime":"2025-09-10T10:07:04.115403+01:00[Europe/London]","result":"SUCCESS","precondition":false,"level":1},{"number":20,"description":"Then I should see \"Accessibility statement\"","duration":1226,"startTime":"2025-09-10T10:07:06.110353+01:00[Europe/London]","result":"SUCCESS","precondition":false,"level":1}]}],"userStory":{"id":"StartPage","storyName":"Validate functionality on start page","displayName":"Validate functionality on start page","path":"StartPage","pathElements":[{"name":"StartPage","description":""}],"type":"feature"},"title":"Validate links on start page","description":"","tags":[{"name":"Chrome","type":"context","displayName":"Chrome"},{"name":"Mac","type":"context","displayName":"Mac"},{"name":"test","type":"tag","displayName":"test"},{"name":"Chrome, Mac","type":"context","displayName":"Chrome, Mac"}],"startTime":"2025-09-10T10:06:31.342167+01:00[Europe/London]","endTime":"2025-09-10T10:07:07.338864+01:00[Europe/London]","duration":4616,"testFailureCause":{"errorType":"net.thucydides.core.webdriver.exceptions.ElementShouldBeEnabledException","message":"Expected enabled element was not enabled","stackTrace":[{"declaringClass":"nhsbsa.exch.pages.StartPage","methodName":"verifyUrlContainsLinkKeyword","fileName":"StartPage.java","lineNumber":96},{"declaringClass":"nhsbsa.exch.action.StartPageActions","methodName":"verify_links","fileName":"StartPageActions.java","lineNumber":33},{"declaringClass":"nhsbsa.exch.stepDefinitions.HomePageStepDefs","methodName":"i_choose_the","fileName":"HomePageStepDefs.java","lineNumber":90}],"rootCause":{"errorType":"org.openqa.selenium.TimeoutException","message":"Expected condition failed: waiting for By.linkText: Privacy to be clickable (tried for 10 second(s) with 100 milliseconds interval)","stackTrace":[{"declaringClass":"nhsbsa.exch.pages.StartPage","methodName":"verifyUrlContainsLinkKeyword","fileName":"StartPage.java","lineNumber":96},{"declaringClass":"nhsbsa.exch.action.StartPageActions","methodName":"verify_links","fileName":"StartPageActions.java","lineNumber":33},{"declaringClass":"nhsbsa.exch.stepDefinitions.HomePageStepDefs","methodName":"i_choose_the","fileName":"HomePageStepDefs.java","lineNumber":90}],"rootCause":{"errorType":"org.openqa.selenium.NoSuchElementException","message":"no such element: Unable to locate element: {\"method\":\"link text\",\"selector\":\"Privacy\"}\n  (Session info: chrome\u003d139.0.7258.155)\nFor documentation on this error, please visit: https://www.selenium.dev/documentation/webdriver/troubleshooting/errors#no-such-element-exception\nBuild info: version: \u00274.27.0\u0027, revision: \u0027d6e718d134\u0027\nSystem info: os.name: \u0027Mac OS X\u0027, os.arch: \u0027x86_64\u0027, os.version: \u002715.6.1\u0027, java.version: \u002724.0.2\u0027\nDriver info: org.openqa.selenium.chrome.ChromeDriver\nCommand: [30ee730797e59c80ac9bb717ccb8b469, findElement {using\u003dlink text, value\u003dPrivacy}]\nCapabilities {acceptInsecureCerts: false, browserName: chrome, browserVersion: 139.0.7258.155, chrome: {chromedriverVersion: 139.0.7258.154 (9e0d6b2b47f..., userDataDir: /var/folders/mm/b3vj4jfd47j...}, fedcm:accounts: true, goog:chromeOptions: {debuggerAddress: localhost:53367}, networkConnectionEnabled: false, pageLoadStrategy: normal, platformName: mac, proxy: Proxy(), se:cdp: ws://localhost:53367/devtoo..., se:cdpVersion: 139.0.7258.155, setWindowRect: true, strictFileInteractability: false, timeouts: {implicit: 0, pageLoad: 300000, script: 30000}, unhandledPromptBehavior: dismiss and notify, webauthn:extension:credBlob: true, webauthn:extension:largeBlob: true, webauthn:extension:minPinLength: true, webauthn:extension:prf: true, webauthn:virtualAuthenticators: true}\nSession ID: 30ee730797e59c80ac9bb717ccb8b469","stackTrace":[{"declaringClass":"nhsbsa.exch.pages.StartPage","methodName":"verifyUrlContainsLinkKeyword","fileName":"StartPage.java","lineNumber":96},{"declaringClass":"nhsbsa.exch.action.StartPageActions","methodName":"verify_links","fileName":"StartPageActions.java","lineNumber":33},{"declaringClass":"nhsbsa.exch.stepDefinitions.HomePageStepDefs","methodName":"i_choose_the","fileName":"HomePageStepDefs.java","lineNumber":90}]}}},"testFailureClassname":"net.thucydides.core.webdriver.exceptions.ElementShouldBeEnabledException","testFailureMessage":"Expected enabled element was not enabled","testFailureSummary":"FAILURE;net.thucydides.core.webdriver.exceptions.ElementShouldBeEnabledException;Expected enabled element was not enabled;StartPage.java","projectKey":"","sessionId":"30ee730797e59c80ac9bb717ccb8b469","driver":"chrome","isManualTestingUpToDate":false,"context":"chrome,mac","dataTable":{"headers":["link","screen"],"rows":[{"values":["Privacy","Privacy"],"lineNumber":10,"result":"FAILURE"},{"values":["Cookies","Cookies"],"lineNumber":11,"result":"SUCCESS"},{"values":["Terms And Conditions","Terms And Conditions"],"lineNumber":12,"result":"FAILURE"},{"values":["Accessibility statement","Accessibility statement"],"lineNumber":13,"result":"SUCCESS"}],"predefinedRows":true,"scenarioOutline":"Given I am checking start page\n\rWhen I choose the \"\u003clink\u003e\"\n\rThen I should see \"\u003cscreen\u003e\"\n\r","dataSetDescriptors":[{"startRow":0,"rowCount":0,"name":"","description":""}]},"manual":false,"testSource":"Cucumber","order":0,"result":"FAILURE","scenarioOutline":"Given I am checking start page\nWhen I choose the \"\u003clink\u003e\"\nThen I should see \"\u003cscreen\u003e\""}