<?xml version="1.0" encoding="UTF-8" standalone="no"?><testsuite errors="3" failures="0" name="Matex Scenarios" skipped="0" tests="5" time="51.66" timestamp="2025-09-07 05:10:52"><testcase name="As a user with an active matex I want to check if I am exempt from paying for prescriptions"><error message="stale element reference: stale element not found&#10;  (Session info: chrome=139.0.7258.155)&#10;For documentation on this error, please visit: https://www.selenium.dev/documentation/webdriver/troubleshooting/errors#stale-element-reference-exception&#10;Build info: version: '4.27.0', revision: 'd6e718d134'&#10;System info: os.name: 'Mac OS X', os.arch: 'x86_64', os.version: '15.6.1', java.version: '24.0.2'&#10;Driver info: org.openqa.selenium.chrome.ChromeDriver&#10;Command: [0e5577667f5dba03b8c56e8aab316892, isElementDisplayed {id=f.F72AFD0D28AC58D7A4C10DE90E474B00.d.492F02E8220A510C635CB731F448F626.e.11}]&#10;Capabilities {acceptInsecureCerts: false, browserName: chrome, browserVersion: 139.0.7258.155, chrome: {chromedriverVersion: 139.0.7258.154 (9e0d6b2b47f..., userDataDir: /var/folders/mm/b3vj4jfd47j...}, fedcm:accounts: true, goog:chromeOptions: {debuggerAddress: localhost:62734}, networkConnectionEnabled: false, pageLoadStrategy: normal, platformName: mac, proxy: Proxy(), se:cdp: ws://localhost:62734/devtoo..., se:cdpVersion: 139.0.7258.155, setWindowRect: true, strictFileInteractability: false, timeouts: {implicit: 0, pageLoad: 300000, script: 30000}, unhandledPromptBehavior: dismiss and notify, webauthn:extension:credBlob: true, webauthn:extension:largeBlob: true, webauthn:extension:minPinLength: true, webauthn:extension:prf: true, webauthn:virtualAuthenticators: true}&#10;Element: [[ChromeDriver: chrome on mac (0e5577667f5dba03b8c56e8aab316892)] -&gt; xpath: //h1[@class='nhsuk-fieldset__heading']]&#10;Session ID: 0e5577667f5dba03b8c56e8aab316892" type="org.openqa.selenium.StaleElementReferenceException">stale element reference: stale element not found
  (Session info: chrome=139.0.7258.155)
For documentation on this error, please visit: https://www.selenium.dev/documentation/webdriver/troubleshooting/errors#stale-element-reference-exception
Build info: version: '4.27.0', revision: 'd6e718d134'
System info: os.name: 'Mac OS X', os.arch: 'x86_64', os.version: '15.6.1', java.version: '24.0.2'
Driver info: org.openqa.selenium.chrome.ChromeDriver
Command: [0e5577667f5dba03b8c56e8aab316892, isElementDisplayed {id=f.F72AFD0D28AC58D7A4C10DE90E474B00.d.492F02E8220A510C635CB731F448F626.e.11}]
Capabilities {acceptInsecureCerts: false, browserName: chrome, browserVersion: 139.0.7258.155, chrome: {chromedriverVersion: 139.0.7258.154 (9e0d6b2b47f..., userDataDir: /var/folders/mm/b3vj4jfd47j...}, fedcm:accounts: true, goog:chromeOptions: {debuggerAddress: localhost:62734}, networkConnectionEnabled: false, pageLoadStrategy: normal, platformName: mac, proxy: Proxy(), se:cdp: ws://localhost:62734/devtoo..., se:cdpVersion: 139.0.7258.155, setWindowRect: true, strictFileInteractability: false, timeouts: {implicit: 0, pageLoad: 300000, script: 30000}, unhandledPromptBehavior: dismiss and notify, webauthn:extension:credBlob: true, webauthn:extension:largeBlob: true, webauthn:extension:minPinLength: true, webauthn:extension:prf: true, webauthn:virtualAuthenticators: true}
Element: [[ChromeDriver: chrome on mac (0e5577667f5dba03b8c56e8aab316892)] -&gt; xpath: //h1[@class='nhsuk-fieldset__heading']]
Session ID: 0e5577667f5dba03b8c56e8aab316892</error><system-err>stale element reference: stale element not found
  (Session info: chrome=139.0.7258.155)
For documentation on this error, please visit: https://www.selenium.dev/documentation/webdriver/troubleshooting/errors#stale-element-reference-exception
Build info: version: '4.27.0', revision: 'd6e718d134'
System info: os.name: 'Mac OS X', os.arch: 'x86_64', os.version: '15.6.1', java.version: '24.0.2'
Driver info: org.openqa.selenium.chrome.ChromeDriver
Command: [0e5577667f5dba03b8c56e8aab316892, isElementDisplayed {id=f.F72AFD0D28AC58D7A4C10DE90E474B00.d.492F02E8220A510C635CB731F448F626.e.11}]
Capabilities {acceptInsecureCerts: false, browserName: chrome, browserVersion: 139.0.7258.155, chrome: {chromedriverVersion: 139.0.7258.154 (9e0d6b2b47f..., userDataDir: /var/folders/mm/b3vj4jfd47j...}, fedcm:accounts: true, goog:chromeOptions: {debuggerAddress: localhost:62734}, networkConnectionEnabled: false, pageLoadStrategy: normal, platformName: mac, proxy: Proxy(), se:cdp: ws://localhost:62734/devtoo..., se:cdpVersion: 139.0.7258.155, setWindowRect: true, strictFileInteractability: false, timeouts: {implicit: 0, pageLoad: 300000, script: 30000}, unhandledPromptBehavior: dismiss and notify, webauthn:extension:credBlob: true, webauthn:extension:largeBlob: true, webauthn:extension:minPinLength: true, webauthn:extension:prf: true, webauthn:virtualAuthenticators: true}
Element: [[ChromeDriver: chrome on mac (0e5577667f5dba03b8c56e8aab316892)] -&gt; xpath: //h1[@class='nhsuk-fieldset__heading']]
Session ID: 0e5577667f5dba03b8c56e8aab316892
nhsbsa.exch.pages.NamePage.verifyNameHeadingIsVisible(NamePage.java:16)
nhsbsa.exch.action.NamePageActions.I_verify_the_name_heading_is_visible(NamePageActions.java:11)
nhsbsa.exch.stepDefinitions.HomePageStepDefs.my_firstname_is_and_my_lastname_is(HomePageStepDefs.java:46)
</system-err></testcase><testcase name="As a user over with an expired record I want to check if I am exempt from paying for prescriptions"/><testcase name="As a user over with a deleted record I want to check if I am exempt from paying for prescriptions"/><testcase name="As a user with an active medex I want to check if I am exempt from paying for prescriptions"><error message="stale element reference: stale element not found&#10;  (Session info: chrome=139.0.7258.155)&#10;For documentation on this error, please visit: https://www.selenium.dev/documentation/webdriver/troubleshooting/errors#stale-element-reference-exception&#10;Build info: version: '4.27.0', revision: 'd6e718d134'&#10;System info: os.name: 'Mac OS X', os.arch: 'x86_64', os.version: '15.6.1', java.version: '24.0.2'&#10;Driver info: org.openqa.selenium.chrome.ChromeDriver&#10;Command: [28c430f07eaef544862f7ce99c5ff723, isElementDisplayed {id=f.80EB3ECBE4EA714E583B0DD73D9EF549.d.152F9A7F1044A9B0595611F41735500E.e.11}]&#10;Capabilities {acceptInsecureCerts: false, browserName: chrome, browserVersion: 139.0.7258.155, chrome: {chromedriverVersion: 139.0.7258.154 (9e0d6b2b47f..., userDataDir: /var/folders/mm/b3vj4jfd47j...}, fedcm:accounts: true, goog:chromeOptions: {debuggerAddress: localhost:62760}, networkConnectionEnabled: false, pageLoadStrategy: normal, platformName: mac, proxy: Proxy(), se:cdp: ws://localhost:62760/devtoo..., se:cdpVersion: 139.0.7258.155, setWindowRect: true, strictFileInteractability: false, timeouts: {implicit: 0, pageLoad: 300000, script: 30000}, unhandledPromptBehavior: dismiss and notify, webauthn:extension:credBlob: true, webauthn:extension:largeBlob: true, webauthn:extension:minPinLength: true, webauthn:extension:prf: true, webauthn:virtualAuthenticators: true}&#10;Element: [[ChromeDriver: chrome on mac (28c430f07eaef544862f7ce99c5ff723)] -&gt; xpath: //h1[@class='nhsuk-fieldset__heading']]&#10;Session ID: 28c430f07eaef544862f7ce99c5ff723" type="org.openqa.selenium.StaleElementReferenceException">stale element reference: stale element not found
  (Session info: chrome=139.0.7258.155)
For documentation on this error, please visit: https://www.selenium.dev/documentation/webdriver/troubleshooting/errors#stale-element-reference-exception
Build info: version: '4.27.0', revision: 'd6e718d134'
System info: os.name: 'Mac OS X', os.arch: 'x86_64', os.version: '15.6.1', java.version: '24.0.2'
Driver info: org.openqa.selenium.chrome.ChromeDriver
Command: [28c430f07eaef544862f7ce99c5ff723, isElementDisplayed {id=f.80EB3ECBE4EA714E583B0DD73D9EF549.d.152F9A7F1044A9B0595611F41735500E.e.11}]
Capabilities {acceptInsecureCerts: false, browserName: chrome, browserVersion: 139.0.7258.155, chrome: {chromedriverVersion: 139.0.7258.154 (9e0d6b2b47f..., userDataDir: /var/folders/mm/b3vj4jfd47j...}, fedcm:accounts: true, goog:chromeOptions: {debuggerAddress: localhost:62760}, networkConnectionEnabled: false, pageLoadStrategy: normal, platformName: mac, proxy: Proxy(), se:cdp: ws://localhost:62760/devtoo..., se:cdpVersion: 139.0.7258.155, setWindowRect: true, strictFileInteractability: false, timeouts: {implicit: 0, pageLoad: 300000, script: 30000}, unhandledPromptBehavior: dismiss and notify, webauthn:extension:credBlob: true, webauthn:extension:largeBlob: true, webauthn:extension:minPinLength: true, webauthn:extension:prf: true, webauthn:virtualAuthenticators: true}
Element: [[ChromeDriver: chrome on mac (28c430f07eaef544862f7ce99c5ff723)] -&gt; xpath: //h1[@class='nhsuk-fieldset__heading']]
Session ID: 28c430f07eaef544862f7ce99c5ff723</error><system-err>stale element reference: stale element not found
  (Session info: chrome=139.0.7258.155)
For documentation on this error, please visit: https://www.selenium.dev/documentation/webdriver/troubleshooting/errors#stale-element-reference-exception
Build info: version: '4.27.0', revision: 'd6e718d134'
System info: os.name: 'Mac OS X', os.arch: 'x86_64', os.version: '15.6.1', java.version: '24.0.2'
Driver info: org.openqa.selenium.chrome.ChromeDriver
Command: [28c430f07eaef544862f7ce99c5ff723, isElementDisplayed {id=f.80EB3ECBE4EA714E583B0DD73D9EF549.d.152F9A7F1044A9B0595611F41735500E.e.11}]
Capabilities {acceptInsecureCerts: false, browserName: chrome, browserVersion: 139.0.7258.155, chrome: {chromedriverVersion: 139.0.7258.154 (9e0d6b2b47f..., userDataDir: /var/folders/mm/b3vj4jfd47j...}, fedcm:accounts: true, goog:chromeOptions: {debuggerAddress: localhost:62760}, networkConnectionEnabled: false, pageLoadStrategy: normal, platformName: mac, proxy: Proxy(), se:cdp: ws://localhost:62760/devtoo..., se:cdpVersion: 139.0.7258.155, setWindowRect: true, strictFileInteractability: false, timeouts: {implicit: 0, pageLoad: 300000, script: 30000}, unhandledPromptBehavior: dismiss and notify, webauthn:extension:credBlob: true, webauthn:extension:largeBlob: true, webauthn:extension:minPinLength: true, webauthn:extension:prf: true, webauthn:virtualAuthenticators: true}
Element: [[ChromeDriver: chrome on mac (28c430f07eaef544862f7ce99c5ff723)] -&gt; xpath: //h1[@class='nhsuk-fieldset__heading']]
Session ID: 28c430f07eaef544862f7ce99c5ff723
nhsbsa.exch.pages.NamePage.verifyNameHeadingIsVisible(NamePage.java:16)
nhsbsa.exch.action.NamePageActions.I_verify_the_name_heading_is_visible(NamePageActions.java:11)
nhsbsa.exch.stepDefinitions.HomePageStepDefs.my_firstname_is_and_my_lastname_is(HomePageStepDefs.java:46)
</system-err></testcase><testcase name="As a user over with an expired record I want to check if I am exempt from paying for prescriptions"><error message="stale element reference: stale element not found&#10;  (Session info: chrome=139.0.7258.155)&#10;For documentation on this error, please visit: https://www.selenium.dev/documentation/webdriver/troubleshooting/errors#stale-element-reference-exception&#10;Build info: version: '4.27.0', revision: 'd6e718d134'&#10;System info: os.name: 'Mac OS X', os.arch: 'x86_64', os.version: '15.6.1', java.version: '24.0.2'&#10;Driver info: org.openqa.selenium.chrome.ChromeDriver&#10;Command: [28c430f07eaef544862f7ce99c5ff723, isElementDisplayed {id=f.80EB3ECBE4EA714E583B0DD73D9EF549.d.A31D4F6E83B6CB917018475E2B2B6728.e.36}]&#10;Capabilities {acceptInsecureCerts: false, browserName: chrome, browserVersion: 139.0.7258.155, chrome: {chromedriverVersion: 139.0.7258.154 (9e0d6b2b47f..., userDataDir: /var/folders/mm/b3vj4jfd47j...}, fedcm:accounts: true, goog:chromeOptions: {debuggerAddress: localhost:62760}, networkConnectionEnabled: false, pageLoadStrategy: normal, platformName: mac, proxy: Proxy(), se:cdp: ws://localhost:62760/devtoo..., se:cdpVersion: 139.0.7258.155, setWindowRect: true, strictFileInteractability: false, timeouts: {implicit: 0, pageLoad: 300000, script: 30000}, unhandledPromptBehavior: dismiss and notify, webauthn:extension:credBlob: true, webauthn:extension:largeBlob: true, webauthn:extension:minPinLength: true, webauthn:extension:prf: true, webauthn:virtualAuthenticators: true}&#10;Element: [[ChromeDriver: chrome on mac (28c430f07eaef544862f7ce99c5ff723)] -&gt; xpath: //h1[@class='nhsuk-fieldset__heading']]&#10;Session ID: 28c430f07eaef544862f7ce99c5ff723" type="org.openqa.selenium.StaleElementReferenceException">stale element reference: stale element not found
  (Session info: chrome=139.0.7258.155)
For documentation on this error, please visit: https://www.selenium.dev/documentation/webdriver/troubleshooting/errors#stale-element-reference-exception
Build info: version: '4.27.0', revision: 'd6e718d134'
System info: os.name: 'Mac OS X', os.arch: 'x86_64', os.version: '15.6.1', java.version: '24.0.2'
Driver info: org.openqa.selenium.chrome.ChromeDriver
Command: [28c430f07eaef544862f7ce99c5ff723, isElementDisplayed {id=f.80EB3ECBE4EA714E583B0DD73D9EF549.d.A31D4F6E83B6CB917018475E2B2B6728.e.36}]
Capabilities {acceptInsecureCerts: false, browserName: chrome, browserVersion: 139.0.7258.155, chrome: {chromedriverVersion: 139.0.7258.154 (9e0d6b2b47f..., userDataDir: /var/folders/mm/b3vj4jfd47j...}, fedcm:accounts: true, goog:chromeOptions: {debuggerAddress: localhost:62760}, networkConnectionEnabled: false, pageLoadStrategy: normal, platformName: mac, proxy: Proxy(), se:cdp: ws://localhost:62760/devtoo..., se:cdpVersion: 139.0.7258.155, setWindowRect: true, strictFileInteractability: false, timeouts: {implicit: 0, pageLoad: 300000, script: 30000}, unhandledPromptBehavior: dismiss and notify, webauthn:extension:credBlob: true, webauthn:extension:largeBlob: true, webauthn:extension:minPinLength: true, webauthn:extension:prf: true, webauthn:virtualAuthenticators: true}
Element: [[ChromeDriver: chrome on mac (28c430f07eaef544862f7ce99c5ff723)] -&gt; xpath: //h1[@class='nhsuk-fieldset__heading']]
Session ID: 28c430f07eaef544862f7ce99c5ff723</error><system-err>stale element reference: stale element not found
  (Session info: chrome=139.0.7258.155)
For documentation on this error, please visit: https://www.selenium.dev/documentation/webdriver/troubleshooting/errors#stale-element-reference-exception
Build info: version: '4.27.0', revision: 'd6e718d134'
System info: os.name: 'Mac OS X', os.arch: 'x86_64', os.version: '15.6.1', java.version: '24.0.2'
Driver info: org.openqa.selenium.chrome.ChromeDriver
Command: [28c430f07eaef544862f7ce99c5ff723, isElementDisplayed {id=f.80EB3ECBE4EA714E583B0DD73D9EF549.d.A31D4F6E83B6CB917018475E2B2B6728.e.36}]
Capabilities {acceptInsecureCerts: false, browserName: chrome, browserVersion: 139.0.7258.155, chrome: {chromedriverVersion: 139.0.7258.154 (9e0d6b2b47f..., userDataDir: /var/folders/mm/b3vj4jfd47j...}, fedcm:accounts: true, goog:chromeOptions: {debuggerAddress: localhost:62760}, networkConnectionEnabled: false, pageLoadStrategy: normal, platformName: mac, proxy: Proxy(), se:cdp: ws://localhost:62760/devtoo..., se:cdpVersion: 139.0.7258.155, setWindowRect: true, strictFileInteractability: false, timeouts: {implicit: 0, pageLoad: 300000, script: 30000}, unhandledPromptBehavior: dismiss and notify, webauthn:extension:credBlob: true, webauthn:extension:largeBlob: true, webauthn:extension:minPinLength: true, webauthn:extension:prf: true, webauthn:virtualAuthenticators: true}
Element: [[ChromeDriver: chrome on mac (28c430f07eaef544862f7ce99c5ff723)] -&gt; xpath: //h1[@class='nhsuk-fieldset__heading']]
Session ID: 28c430f07eaef544862f7ce99c5ff723
nhsbsa.exch.pages.NamePage.verifyNameHeadingIsVisible(NamePage.java:16)
nhsbsa.exch.action.NamePageActions.I_verify_the_name_heading_is_visible(NamePageActions.java:11)
nhsbsa.exch.stepDefinitions.HomePageStepDefs.my_firstname_is_and_my_lastname_is(HomePageStepDefs.java:46)
</system-err></testcase></testsuite>